make all --print-data-base --no-builtin-variables --no-builtin-rules --question
make: *** No rule to make target 'all'.  Stop.

# GNU Make 4.3
# Built for x86_64-pc-linux-gnu
# Copyright (C) 1988-2020 Free Software Foundation, Inc.
# License GPLv3+: GNU GPL version 3 or later <http://gnu.org/licenses/gpl.html>
# This is free software: you are free to change and redistribute it.
# There is NO WARRANTY, to the extent permitted by law.

# Make data base, printed on Fri May 13 09:26:44 2022

# Variables

 
# environment
GDK_BACKEND = x11
# environment
LC_ALL = C
# environment
GNOME_SHELL_SESSION_MODE = ubuntu
# environment
SSH_AGENT_LAUNCHER = gnome-keyring
# environment
SNAP_INSTANCE_KEY = 
# environment
VSCODE_IPC_HOOK_EXTHOST = /run/user/1000/vscode-ipc-61772228-7b91-4d94-975e-2a62a3e978f3.sock
# environment
LC_NAME = pt_BR.UTF-8
# environment
LC_NUMERIC = pt_BR.UTF-8
# environment
VSCODE_CWD = /home/wladimir
# environment
WINDOWPATH = 2
# environment
LC_ADDRESS = pt_BR.UTF-8
# default
MAKE_COMMAND := make
# environment
QT_ACCESSIBILITY = 1
# automatic
@D = $(patsubst %/,%,$(dir $@))
# environment
SNAP_INSTANCE_NAME = code
# environment
GDK_PIXBUF_MODULEDIR = /snap/code/96/usr/lib/x86_64-linux-gnu/gdk-pixbuf-2.0/2.10.0/loaders
# environment
VSCODE_HANDLES_UNCAUGHT_ERRORS = true
# default
.VARIABLES := 
# environment
PWD = /home/wladimir/Disciplinas/2021.2/ED/repositorio/Santo JM
# automatic
%D = $(patsubst %/,%,$(dir $%))
# environment
XDG_DATA_DIRS = /usr/share/ubuntu:/usr/local/share/:/usr/share/:/var/lib/snapd/desktop
# automatic
^D = $(patsubst %/,%,$(dir $^))
# environment
VSCODE_LOG_STACK = false
# automatic
%F = $(notdir $%)
# environment
VSCODE_CODE_CACHE_PATH = /home/wladimir/.config/Code/CachedData/da15b6fd3ef856477bf6f4fb29ba1b7af717770d
# environment
LANG = C
# environment
XAUTHORITY = /run/user/1000/gdm/Xauthority
# default
.LOADED := 
# default
.INCLUDE_DIRS = /usr/local/include /usr/include /usr/include
# makefile
MAKEFLAGS = pqrR
# environment
DBUS_STARTER_ADDRESS = unix:path=/run/user/1000/bus,guid=5438266cd2d5734512414722627dc765
# makefile
CURDIR := /home/wladimir/Disciplinas/2021.2/ED/repositorio/Santo JM
# environment
VSCODE_PIPE_LOGGING = true
# environment
APPLICATION_INSIGHTS_NO_DIAGNOSTIC_CHANNEL = true
# environment
LESSOPEN = | /usr/bin/lesspipe %s
# automatic
*D = $(patsubst %/,%,$(dir $*))
# environment
MFLAGS = -pqrR
# environment
SSH_AUTH_SOCK = /run/user/1000/keyring/ssh
# default
.SHELLFLAGS := -c
# environment
XDG_CONFIG_DIRS = /etc/xdg/xdg-ubuntu:/etc/xdg
# automatic
+D = $(patsubst %/,%,$(dir $+))
# environment
XDG_SESSION_DESKTOP = ubuntu
# makefile
MAKEFILE_LIST := 
# environment
SNAP_REEXEC = 
# automatic
@F = $(notdir $@)
# environment
VSCODE_VERBOSE_LOGGING = true
# environment
VSCODE_PID = 23545
# environment
XDG_SESSION_TYPE = x11
# automatic
?D = $(patsubst %/,%,$(dir $?))
# environment
BAMF_DESKTOP_FILE_HINT = /var/lib/snapd/desktop/applications/code_code-url-handler.desktop
# environment
SESSION_MANAGER = local/wladimir-Nitro:@/tmp/.ICE-unix/2113,unix/wladimir-Nitro:/tmp/.ICE-unix/2113
# automatic
*F = $(notdir $*)
# environment
CHROME_DESKTOP = code-url-handler.desktop
# environment
DBUS_SESSION_BUS_ADDRESS = unix:path=/run/user/1000/bus,guid=5438266cd2d5734512414722627dc765
# automatic
<D = $(patsubst %/,%,$(dir $<))
# environment
VSCODE_NLS_CONFIG = {"locale":"en-us","availableLanguages":{},"_languagePackSupport":true}
# default
MAKE_HOST := x86_64-pc-linux-gnu
# environment
GNOME_DESKTOP_SESSION_ID = this-is-deprecated
# makefile
SHELL = /bin/sh
# default
MAKECMDGOALS := all
# environment
XMODIFIERS = @im=ibus
# environment
SHLVL = 0
# environment
MAKELEVEL := 0
# default
MAKE = $(MAKE_COMMAND)
# environment
SNAP_COOKIE = pQQgRSSUGB0OEkicwPSSDnUyMLP4cQVdMURtHxXEHIqgBM9DfzLI
# environment
PATH = /home/wladimir/.local/bin:/home/wladimir/bin:/home/wladimir/.local/bin:/home/wladimir/bin:/usr/local/sbin:/usr/local/bin:/usr/sbin:/usr/bin:/sbin:/bin:/usr/games:/usr/local/games:/snap/bin:/snap/bin:/home/wladimir/bin
# default
MAKEFILES := 
# environment
LC_MONETARY = pt_BR.UTF-8
# automatic
^F = $(notdir $^)
# environment
SNAP_USER_COMMON = /home/wladimir/snap/code/common
# environment
LC_TIME = pt_BR.UTF-8
# environment
SNAP = /snap/code/96
# environment
INVOCATION_ID = 302400cc3d1645899318a2cbd6de9eea
# environment
SNAP_REVISION = 96
# environment
SNAP_REAL_HOME = /home/wladimir
# environment
VSCODE_LOG_NATIVE = false
# environment
USERNAME = wladimir
# environment
LC_TELEPHONE = pt_BR.UTF-8
# environment
LESSCLOSE = /usr/bin/lesspipe %s %s
# automatic
?F = $(notdir $?)
# environment
XDG_CURRENT_DESKTOP = Unity
# environment
LS_COLORS = 
# automatic
+F = $(notdir $+)
# environment
DESKTOP_SESSION = ubuntu
# environment
ORIGINAL_XDG_CURRENT_DESKTOP = ubuntu:GNOME
 
# 'override' directive
GNUMAKEFLAGS := 
# environment
LOGNAME = wladimir
# environment
GIO_LAUNCHED_DESKTOP_FILE = /var/lib/snapd/desktop/applications/code_code-url-handler.desktop
# environment
SNAP_ARCH = amd64
# makefile
.DEFAULT_GOAL := 
# environment
SYSTEMD_EXEC_PID = 2113
# environment
DISPLAY = :1
# environment
USER = wladimir
# environment
GTK_MODULES = gail:atk-bridge
# default
MAKE_VERSION := 4.3
# environment
DISABLE_WAYLAND = 1
# environment
SNAP_DATA = /var/snap/code/96
# environment
SNAP_CONTEXT = pQQgRSSUGB0OEkicwPSSDnUyMLP4cQVdMURtHxXEHIqgBM9DfzLI
# environment
MANAGERPID = 1762
# environment
DBUS_STARTER_BUS_TYPE = session
# environment
LC_MEASUREMENT = pt_BR.UTF-8
# environment
GIO_LAUNCHED_DESKTOP_FILE_PID = 23494
# environment
_ = /snap/code/96/usr/share/code/code
# environment
LC_PAPER = pt_BR.UTF-8
# environment
XDG_RUNTIME_DIR = /run/user/1000
# environment
GPG_AGENT_INFO = /run/user/1000/gnupg/S.gpg-agent:0:1
# environment
GDK_PIXBUF_MODULE_FILE = /home/wladimir/snap/code/common/.cache/gdk-pixbuf-loaders.cache
# environment
LC_CTYPE = pt_BR.UTF-8
# environment
JOURNAL_STREAM = 8:41080
# environment
XDG_SESSION_CLASS = user
# environment
VSCODE_AMD_ENTRYPOINT = vs/workbench/api/node/extensionHostProcess
# environment
HOME = /home/wladimir
# environment
QT_IM_MODULE = ibus
# environment
ELECTRON_RUN_AS_NODE = 1
# environment
VSCODE_IPC_HOOK = /run/user/1000/vscode-6e167b95-1.67.1-main.sock
# environment
SNAP_NAME = code
# environment
GSETTINGS_SCHEMA_DIR = /snap/code/96/usr/share/glib-2.0/schemas
# environment
IM_CONFIG_PHASE = 1
# default
.RECIPEPREFIX := 
# automatic
<F = $(notdir $<)
# environment
SNAP_VERSION = da15b6fd
# default
SUFFIXES := 
# environment
VSCODE_CLI = 1
# environment
ELECTRON_NO_ATTACH_CONSOLE = 1
# environment
SNAP_COMMON = /var/snap/code/common
# default
.FEATURES := target-specific order-only second-expansion else-if shortest-stem undefine oneshell nocomment grouped-target extra-prereqs archives jobserver output-sync check-symlink load
# environment
SNAP_USER_DATA = /home/wladimir/snap/code/96
# environment
XDG_MENU_PREFIX = gnome-
# environment
GDMSESSION = ubuntu
# environment
LC_IDENTIFICATION = pt_BR.UTF-8
# environment
SNAP_LIBRARY_PATH = /var/lib/snapd/lib/gl:/var/lib/snapd/lib/gl32:/var/lib/snapd/void
# variable set hash-table stats:
# Load=131/1024=13%, Rehash=0, Collisions=6/158=4%

# Pattern-specific Variable Values

# No pattern-specific variable values.

# Directories

# . (device 66306, inode 12452930): 12 files, no impossibilities.

# 12 files, no impossibilities in 1 directories.

# Implicit Rules

# No implicit rules.

# Files

# Not a target:
Makefile:
#  Implicit rule search has been done.
#  File does not exist.
#  File has been updated.
#  Failed to be updated.

# Not a target:
.DEFAULT:
#  Implicit rule search has not been done.
#  Modification time never checked.
#  File has not been updated.

# Not a target:
all:
#  Command line target.
#  Implicit rule search has been done.
#  File does not exist.
#  File has not been updated.

# Not a target:
makefile:
#  Implicit rule search has been done.
#  File does not exist.
#  File has been updated.
#  Failed to be updated.

# Not a target:
GNUmakefile:
#  Implicit rule search has been done.
#  File does not exist.
#  File has been updated.
#  Failed to be updated.

# files hash-table stats:
# Load=6/1024=1%, Rehash=0, Collisions=0/15=0%
# VPATH Search Paths

# No 'vpath' search paths.

# No general ('VPATH' variable) search path.
 

# strcache buffers: 1 (0) / strings = 20 / storage = 194 B / avg = 9 B
# current buf: size = 8162 B / used = 194 B / count = 20 / avg = 9 B

# strcache performance: lookups = 23 / hit rate = 13%
# hash-table stats:
# Load=20/8192=0%, Rehash=0, Collisions=0/23=0%
# Finished Make data base on Fri May 13 09:26:44 2022

 
